20:16:28.815 [main] INFO  com.batisex.Application - Starting Application on DESKTOP-FUQP5P8 with PID 15812 (C:\workspace\DemoTest1\ApiTestNGMyBatisDemo\target\classes started by ch in C:\workspace\DemoTest1)
20:16:28.819 [main] INFO  com.batisex.Application - No active profile set, falling back to default profiles: default
20:16:28.864 [main] INFO  org.springframework.boot.web.servlet.context.AnnotationConfigServletWebServerApplicationContext - Refreshing org.springframework.boot.web.servlet.context.AnnotationConfigServletWebServerApplicationContext@7eac9008: startup date [Thu Dec 06 20:16:28 CST 2018]; root of context hierarchy
20:16:29.534 [main] WARN  org.mybatis.spring.mapper.ClassPathMapperScanner - No MyBatis mapper was found in '[com.batisex]' package. Please check your configuration.
20:16:29.834 [main] INFO  org.springframework.context.support.PostProcessorRegistrationDelegate$BeanPostProcessorChecker - Bean 'org.springframework.transaction.annotation.ProxyTransactionManagementConfiguration' of type [org.springframework.transaction.annotation.ProxyTransactionManagementConfiguration$$EnhancerBySpringCGLIB$$9fdb99c4] is not eligible for getting processed by all BeanPostProcessors (for example: not eligible for auto-proxying)
20:16:30.269 [main] INFO  org.springframework.boot.web.embedded.tomcat.TomcatWebServer - Tomcat initialized with port(s): 8899 (http)
20:16:30.283 [main] INFO  org.apache.coyote.http11.Http11NioProtocol - Initializing ProtocolHandler ["http-nio-8899"]
20:16:30.291 [main] INFO  org.apache.catalina.core.StandardService - Starting service [Tomcat]
20:16:30.291 [main] INFO  org.apache.catalina.core.StandardEngine - Starting Servlet Engine: Apache Tomcat/8.5.28
20:16:30.300 [localhost-startStop-1] INFO  org.apache.catalina.core.AprLifecycleListener - The APR based Apache Tomcat Native library which allows optimal performance in production environments was not found on the java.library.path: [C:\Java\jdk1.8.0_191\bin;C:\Windows\Sun\Java\bin;C:\Windows\system32;C:\Windows;C:\Program Files (x86)\Common Files\Oracle\Java\javapath;C:\Windows\system32;C:\Windows;C:\Windows\System32\Wbem;C:\Windows\System32\WindowsPowerShell\v1.0\;C:\Windows\System32\OpenSSH\;%JAVA_HOME%\bin;%JAVA_HOME%\jre\bin;C:\Program Files\Git\cmd;%JMETER_HOME%\bin;E:\mysql-5.7.20-winx64\bin;C:\Users\ch\AppData\Local\Microsoft\WindowsApps;;.]
20:16:30.403 [localhost-startStop-1] INFO  org.apache.catalina.core.ContainerBase.[Tomcat].[localhost].[/] - Initializing Spring embedded WebApplicationContext
20:16:30.403 [localhost-startStop-1] INFO  org.springframework.web.context.ContextLoader - Root WebApplicationContext: initialization completed in 1539 ms
20:16:30.507 [localhost-startStop-1] INFO  org.springframework.boot.web.servlet.ServletRegistrationBean - Servlet dispatcherServlet mapped to [/]
20:16:30.511 [localhost-startStop-1] INFO  org.springframework.boot.web.servlet.FilterRegistrationBean - Mapping filter: 'characterEncodingFilter' to: [/*]
20:16:30.511 [localhost-startStop-1] INFO  org.springframework.boot.web.servlet.FilterRegistrationBean - Mapping filter: 'hiddenHttpMethodFilter' to: [/*]
20:16:30.511 [localhost-startStop-1] INFO  org.springframework.boot.web.servlet.FilterRegistrationBean - Mapping filter: 'httpPutFormContentFilter' to: [/*]
20:16:30.511 [localhost-startStop-1] INFO  org.springframework.boot.web.servlet.FilterRegistrationBean - Mapping filter: 'requestContextFilter' to: [/*]
20:16:31.125 [main] INFO  org.springframework.web.servlet.mvc.method.annotation.RequestMappingHandlerMapping - Mapped "{[/v1/getUserInfo],methods=[POST]}" onto public java.util.List<com.batisex.model.User> com.batisex.controller.UserManager.getUserInfo(javax.servlet.http.HttpServletRequest,com.batisex.model.User)
20:16:31.126 [main] INFO  org.springframework.web.servlet.mvc.method.annotation.RequestMappingHandlerMapping - Mapped "{[/v1/updateUserInfo],methods=[POST]}" onto public int com.batisex.controller.UserManager.updateUser(javax.servlet.http.HttpServletRequest,com.batisex.model.User)
20:16:31.126 [main] INFO  org.springframework.web.servlet.mvc.method.annotation.RequestMappingHandlerMapping - Mapped "{[/v1/login],methods=[POST]}" onto public java.lang.Boolean com.batisex.controller.UserManager.login(javax.servlet.http.HttpServletResponse,com.batisex.model.User)
20:16:31.127 [main] INFO  org.springframework.web.servlet.mvc.method.annotation.RequestMappingHandlerMapping - Mapped "{[/v1/addUser],methods=[POST]}" onto public boolean com.batisex.controller.UserManager.addUser(javax.servlet.http.HttpServletRequest,com.batisex.model.User)
20:16:31.128 [main] INFO  org.springframework.web.servlet.mvc.method.annotation.RequestMappingHandlerMapping - Mapped "{[/v2/api-docs],methods=[GET],produces=[application/json || application/hal+json]}" onto public org.springframework.http.ResponseEntity<springfox.documentation.spring.web.json.Json> springfox.documentation.swagger2.web.Swagger2Controller.getDocumentation(java.lang.String,javax.servlet.http.HttpServletRequest)
20:16:31.131 [main] INFO  org.springframework.web.servlet.mvc.method.annotation.RequestMappingHandlerMapping - Mapped "{[/swagger-resources/configuration/ui]}" onto org.springframework.http.ResponseEntity<springfox.documentation.swagger.web.UiConfiguration> springfox.documentation.swagger.web.ApiResourceController.uiConfiguration()
20:16:31.132 [main] INFO  org.springframework.web.servlet.mvc.method.annotation.RequestMappingHandlerMapping - Mapped "{[/swagger-resources]}" onto org.springframework.http.ResponseEntity<java.util.List<springfox.documentation.swagger.web.SwaggerResource>> springfox.documentation.swagger.web.ApiResourceController.swaggerResources()
20:16:31.132 [main] INFO  org.springframework.web.servlet.mvc.method.annotation.RequestMappingHandlerMapping - Mapped "{[/swagger-resources/configuration/security]}" onto org.springframework.http.ResponseEntity<springfox.documentation.swagger.web.SecurityConfiguration> springfox.documentation.swagger.web.ApiResourceController.securityConfiguration()
20:16:31.137 [main] INFO  org.springframework.web.servlet.mvc.method.annotation.RequestMappingHandlerMapping - Mapped "{[/error]}" onto public org.springframework.http.ResponseEntity<java.util.Map<java.lang.String, java.lang.Object>> org.springframework.boot.autoconfigure.web.servlet.error.BasicErrorController.error(javax.servlet.http.HttpServletRequest)
20:16:31.137 [main] INFO  org.springframework.web.servlet.mvc.method.annotation.RequestMappingHandlerMapping - Mapped "{[/error],produces=[text/html]}" onto public org.springframework.web.servlet.ModelAndView org.springframework.boot.autoconfigure.web.servlet.error.BasicErrorController.errorHtml(javax.servlet.http.HttpServletRequest,javax.servlet.http.HttpServletResponse)
20:16:31.407 [main] INFO  org.springframework.web.servlet.mvc.method.annotation.RequestMappingHandlerAdapter - Looking for @ControllerAdvice: org.springframework.boot.web.servlet.context.AnnotationConfigServletWebServerApplicationContext@7eac9008: startup date [Thu Dec 06 20:16:28 CST 2018]; root of context hierarchy
20:16:31.459 [main] INFO  org.springframework.web.servlet.handler.SimpleUrlHandlerMapping - Mapped URL path [/webjars/**] onto handler of type [class org.springframework.web.servlet.resource.ResourceHttpRequestHandler]
20:16:31.459 [main] INFO  org.springframework.web.servlet.handler.SimpleUrlHandlerMapping - Mapped URL path [/**] onto handler of type [class org.springframework.web.servlet.resource.ResourceHttpRequestHandler]
20:16:31.488 [main] INFO  org.springframework.web.servlet.handler.SimpleUrlHandlerMapping - Mapped URL path [/**/favicon.ico] onto handler of type [class org.springframework.web.servlet.resource.ResourceHttpRequestHandler]
20:16:31.635 [main] INFO  org.springframework.jmx.export.annotation.AnnotationMBeanExporter - Registering beans for JMX exposure on startup
20:16:31.637 [main] INFO  org.springframework.jmx.export.annotation.AnnotationMBeanExporter - Bean with name 'dataSource' has been autodetected for JMX exposure
20:16:31.642 [main] INFO  org.springframework.jmx.export.annotation.AnnotationMBeanExporter - Located MBean 'dataSource': registering with JMX server as MBean [com.zaxxer.hikari:name=dataSource,type=HikariDataSource]
20:16:31.646 [main] INFO  org.springframework.context.support.DefaultLifecycleProcessor - Starting beans in phase 2147483647
20:16:31.646 [main] INFO  springfox.documentation.spring.web.plugins.DocumentationPluginsBootstrapper - Context refreshed
20:16:31.662 [main] INFO  springfox.documentation.spring.web.plugins.DocumentationPluginsBootstrapper - Found 1 custom documentation plugin(s)
20:16:31.672 [main] INFO  springfox.documentation.spring.web.scanners.ApiListingReferenceScanner - Scanning for api listing references
20:16:31.859 [main] INFO  org.apache.coyote.http11.Http11NioProtocol - Starting ProtocolHandler ["http-nio-8899"]
20:16:31.867 [main] INFO  org.apache.tomcat.util.net.NioSelectorPool - Using a shared selector for servlet write/read
20:16:31.878 [main] INFO  org.springframework.boot.web.embedded.tomcat.TomcatWebServer - Tomcat started on port(s): 8899 (http) with context path ''
20:16:31.881 [main] INFO  com.batisex.Application - Started Application in 3.36 seconds (JVM running for 3.858)
20:17:05.168 [http-nio-8899-exec-1] INFO  org.apache.catalina.core.ContainerBase.[Tomcat].[localhost].[/] - Initializing Spring FrameworkServlet 'dispatcherServlet'
20:17:05.168 [http-nio-8899-exec-1] INFO  org.springframework.web.servlet.DispatcherServlet - FrameworkServlet 'dispatcherServlet': initialization started
20:17:05.184 [http-nio-8899-exec-1] INFO  org.springframework.web.servlet.DispatcherServlet - FrameworkServlet 'dispatcherServlet': initialization completed in 16 ms
20:17:05.264 [http-nio-8899-exec-1] INFO  com.zaxxer.hikari.HikariDataSource - HikariPool-1 - Starting...
20:17:05.406 [http-nio-8899-exec-1] INFO  com.zaxxer.hikari.HikariDataSource - HikariPool-1 - Start completed.
20:17:05.429 [http-nio-8899-exec-1] INFO  com.batisex.controller.UserManager - 查询到的结果是：1
20:17:05.429 [http-nio-8899-exec-1] INFO  com.batisex.controller.UserManager - 登录用户是：zhangsan
20:17:05.492 [http-nio-8899-exec-2] INFO  com.batisex.controller.UserManager - 查询到的结果是：0
20:17:05.531 [http-nio-8899-exec-3] INFO  com.batisex.controller.UserManager - cookie 验证通过
20:17:05.561 [http-nio-8899-exec-3] INFO  com.batisex.controller.UserManager - 添加用户的数量是：1
20:17:08.608 [http-nio-8899-exec-4] INFO  com.batisex.controller.UserManager - cookie 验证通过
20:17:08.649 [http-nio-8899-exec-4] INFO  com.batisex.controller.UserManager - getUserInfo获取到的用户数量为:1
20:17:08.698 [http-nio-8899-exec-5] INFO  com.batisex.controller.UserManager - cookie 验证通过
20:17:08.701 [http-nio-8899-exec-5] INFO  com.batisex.controller.UserManager - getUserInfo获取到的用户数量为:6
20:17:08.774 [http-nio-8899-exec-6] INFO  com.batisex.controller.UserManager - cookie 验证通过
20:17:08.805 [http-nio-8899-exec-6] INFO  com.batisex.controller.UserManager - 更新数据的条目数为：1
20:17:08.850 [http-nio-8899-exec-7] INFO  com.batisex.controller.UserManager - cookie 验证通过
20:17:08.878 [http-nio-8899-exec-7] INFO  com.batisex.controller.UserManager - 更新数据的条目数为：1
20:30:06.215 [http-nio-8899-exec-9] INFO  com.batisex.controller.UserManager - 查询到的结果是：0
20:30:06.255 [http-nio-8899-exec-10] INFO  com.batisex.controller.UserManager - 查询到的结果是：1
20:30:06.255 [http-nio-8899-exec-10] INFO  com.batisex.controller.UserManager - 登录用户是：zhangsan
20:30:58.026 [http-nio-8899-exec-2] INFO  com.batisex.controller.UserManager - 查询到的结果是：0
20:31:01.422 [http-nio-8899-exec-3] INFO  com.batisex.controller.UserManager - 查询到的结果是：1
20:31:01.422 [http-nio-8899-exec-3] INFO  com.batisex.controller.UserManager - 登录用户是：zhangsan
20:31:23.908 [http-nio-8899-exec-4] INFO  com.batisex.controller.UserManager - 查询到的结果是：0
21:10:50.133 [http-nio-8899-exec-7] INFO  com.batisex.controller.UserManager - 查询到的结果是：1
21:10:50.134 [http-nio-8899-exec-7] INFO  com.batisex.controller.UserManager - 登录用户是：zhangsan
21:20:53.149 [http-nio-8899-exec-9] INFO  com.batisex.controller.UserManager - 查询到的结果是：1
21:20:53.149 [http-nio-8899-exec-9] INFO  com.batisex.controller.UserManager - 登录用户是：zhangsan
21:20:53.202 [http-nio-8899-exec-10] INFO  com.batisex.controller.UserManager - 查询到的结果是：0
21:25:31.990 [http-nio-8899-exec-2] INFO  com.batisex.controller.UserManager - cookie 验证通过
21:25:32.030 [http-nio-8899-exec-2] INFO  com.batisex.controller.UserManager - 添加用户的数量是：1
21:26:06.420 [http-nio-8899-exec-3] INFO  com.batisex.controller.UserManager - 查询到的结果是：1
21:26:06.420 [http-nio-8899-exec-3] INFO  com.batisex.controller.UserManager - 登录用户是：zhangsan
21:26:06.487 [http-nio-8899-exec-4] INFO  com.batisex.controller.UserManager - 查询到的结果是：0
21:30:54.320 [http-nio-8899-exec-7] INFO  com.batisex.controller.UserManager - cookie 验证通过
21:30:54.356 [http-nio-8899-exec-7] INFO  com.batisex.controller.UserManager - 添加用户的数量是：1
21:38:24.788 [http-nio-8899-exec-9] INFO  com.batisex.controller.UserManager - 查询到的结果是：1
21:38:24.788 [http-nio-8899-exec-9] INFO  com.batisex.controller.UserManager - 登录用户是：zhangsan
21:38:24.842 [http-nio-8899-exec-10] INFO  com.batisex.controller.UserManager - 查询到的结果是：0
21:38:24.879 [http-nio-8899-exec-1] INFO  com.batisex.controller.UserManager - cookie 验证通过
21:38:24.918 [http-nio-8899-exec-1] INFO  com.batisex.controller.UserManager - 添加用户的数量是：1
21:42:02.791 [http-nio-8899-exec-1] INFO  com.batisex.controller.UserManager - cookies is NULL
21:42:02.833 [http-nio-8899-exec-1] INFO  com.batisex.controller.UserManager - 添加用户的数量是：1
22:03:01.803 [http-nio-8899-exec-10] INFO  com.batisex.controller.UserManager - 查询到的结果是：1
22:03:01.803 [http-nio-8899-exec-10] INFO  com.batisex.controller.UserManager - 登录用户是：zhangsan
22:03:19.674 [http-nio-8899-exec-6] INFO  com.batisex.controller.UserManager - cookie 验证通过
22:03:19.677 [http-nio-8899-exec-6] INFO  com.batisex.controller.UserManager - getUserInfo获取到的用户数量为:1
22:03:19.716 [http-nio-8899-exec-1] INFO  com.batisex.controller.UserManager - cookie 验证通过
22:03:19.719 [http-nio-8899-exec-1] INFO  com.batisex.controller.UserManager - getUserInfo获取到的用户数量为:6
22:03:20.266 [http-nio-8899-exec-7] INFO  com.batisex.controller.UserManager - cookie 验证通过
22:03:20.268 [http-nio-8899-exec-7] INFO  com.batisex.controller.UserManager - getUserInfo获取到的用户数量为:1
22:03:20.311 [http-nio-8899-exec-2] INFO  com.batisex.controller.UserManager - cookie 验证通过
22:03:20.313 [http-nio-8899-exec-2] INFO  com.batisex.controller.UserManager - getUserInfo获取到的用户数量为:6
22:03:20.982 [http-nio-8899-exec-9] INFO  com.batisex.controller.UserManager - cookie 验证通过
22:03:20.984 [http-nio-8899-exec-9] INFO  com.batisex.controller.UserManager - getUserInfo获取到的用户数量为:1
22:03:21.020 [http-nio-8899-exec-3] INFO  com.batisex.controller.UserManager - cookie 验证通过
22:03:21.022 [http-nio-8899-exec-3] INFO  com.batisex.controller.UserManager - getUserInfo获取到的用户数量为:6
22:03:46.899 [main] INFO  com.batisex.Application - Starting Application on DESKTOP-FUQP5P8 with PID 23348 (C:\workspace\DemoTest1\ApiTestNGMyBatisDemo\target\classes started by ch in C:\workspace\DemoTest1)
22:03:46.902 [main] INFO  com.batisex.Application - No active profile set, falling back to default profiles: default
22:03:46.959 [main] INFO  org.springframework.boot.web.servlet.context.AnnotationConfigServletWebServerApplicationContext - Refreshing org.springframework.boot.web.servlet.context.AnnotationConfigServletWebServerApplicationContext@3cd3e762: startup date [Thu Dec 06 22:03:46 CST 2018]; root of context hierarchy
22:03:47.680 [main] WARN  org.mybatis.spring.mapper.ClassPathMapperScanner - No MyBatis mapper was found in '[com.batisex]' package. Please check your configuration.
22:03:48.001 [main] INFO  org.springframework.context.support.PostProcessorRegistrationDelegate$BeanPostProcessorChecker - Bean 'org.springframework.transaction.annotation.ProxyTransactionManagementConfiguration' of type [org.springframework.transaction.annotation.ProxyTransactionManagementConfiguration$$EnhancerBySpringCGLIB$$e751c732] is not eligible for getting processed by all BeanPostProcessors (for example: not eligible for auto-proxying)
22:03:48.443 [main] INFO  org.springframework.boot.web.embedded.tomcat.TomcatWebServer - Tomcat initialized with port(s): 8899 (http)
22:03:48.463 [main] INFO  org.apache.coyote.http11.Http11NioProtocol - Initializing ProtocolHandler ["http-nio-8899"]
22:03:48.478 [main] INFO  org.apache.catalina.core.StandardService - Starting service [Tomcat]
22:03:48.478 [main] INFO  org.apache.catalina.core.StandardEngine - Starting Servlet Engine: Apache Tomcat/8.5.28
22:03:48.491 [localhost-startStop-1] INFO  org.apache.catalina.core.AprLifecycleListener - The APR based Apache Tomcat Native library which allows optimal performance in production environments was not found on the java.library.path: [C:\Java\jdk1.8.0_191\bin;C:\Windows\Sun\Java\bin;C:\Windows\system32;C:\Windows;C:\Program Files (x86)\Common Files\Oracle\Java\javapath;C:\Windows\system32;C:\Windows;C:\Windows\System32\Wbem;C:\Windows\System32\WindowsPowerShell\v1.0\;C:\Windows\System32\OpenSSH\;%JAVA_HOME%\bin;%JAVA_HOME%\jre\bin;C:\Program Files\Git\cmd;%JMETER_HOME%\bin;E:\mysql-5.7.20-winx64\bin;C:\Users\ch\AppData\Local\Microsoft\WindowsApps;;.]
22:03:48.598 [localhost-startStop-1] INFO  org.apache.catalina.core.ContainerBase.[Tomcat].[localhost].[/] - Initializing Spring embedded WebApplicationContext
22:03:48.598 [localhost-startStop-1] INFO  org.springframework.web.context.ContextLoader - Root WebApplicationContext: initialization completed in 1640 ms
22:03:48.713 [localhost-startStop-1] INFO  org.springframework.boot.web.servlet.ServletRegistrationBean - Servlet dispatcherServlet mapped to [/]
22:03:48.717 [localhost-startStop-1] INFO  org.springframework.boot.web.servlet.FilterRegistrationBean - Mapping filter: 'characterEncodingFilter' to: [/*]
22:03:48.717 [localhost-startStop-1] INFO  org.springframework.boot.web.servlet.FilterRegistrationBean - Mapping filter: 'hiddenHttpMethodFilter' to: [/*]
22:03:48.717 [localhost-startStop-1] INFO  org.springframework.boot.web.servlet.FilterRegistrationBean - Mapping filter: 'httpPutFormContentFilter' to: [/*]
22:03:48.717 [localhost-startStop-1] INFO  org.springframework.boot.web.servlet.FilterRegistrationBean - Mapping filter: 'requestContextFilter' to: [/*]
22:03:49.351 [main] INFO  org.springframework.web.servlet.mvc.method.annotation.RequestMappingHandlerMapping - Mapped "{[/v1/getUserInfo],methods=[POST]}" onto public java.util.List<com.batisex.model.User> com.batisex.controller.UserManager.getUserInfo(javax.servlet.http.HttpServletRequest,com.batisex.model.User)
22:03:49.352 [main] INFO  org.springframework.web.servlet.mvc.method.annotation.RequestMappingHandlerMapping - Mapped "{[/v1/addUser],methods=[POST]}" onto public boolean com.batisex.controller.UserManager.addUser(javax.servlet.http.HttpServletRequest,com.batisex.model.User)
22:03:49.352 [main] INFO  org.springframework.web.servlet.mvc.method.annotation.RequestMappingHandlerMapping - Mapped "{[/v1/login],methods=[POST]}" onto public java.lang.Boolean com.batisex.controller.UserManager.login(javax.servlet.http.HttpServletResponse,com.batisex.model.User)
22:03:49.352 [main] INFO  org.springframework.web.servlet.mvc.method.annotation.RequestMappingHandlerMapping - Mapped "{[/v1/updateUserInfo],methods=[POST]}" onto public int com.batisex.controller.UserManager.updateUser(javax.servlet.http.HttpServletRequest,com.batisex.model.User)
22:03:49.354 [main] INFO  org.springframework.web.servlet.mvc.method.annotation.RequestMappingHandlerMapping - Mapped "{[/v2/api-docs],methods=[GET],produces=[application/json || application/hal+json]}" onto public org.springframework.http.ResponseEntity<springfox.documentation.spring.web.json.Json> springfox.documentation.swagger2.web.Swagger2Controller.getDocumentation(java.lang.String,javax.servlet.http.HttpServletRequest)
22:03:49.358 [main] INFO  org.springframework.web.servlet.mvc.method.annotation.RequestMappingHandlerMapping - Mapped "{[/swagger-resources/configuration/ui]}" onto org.springframework.http.ResponseEntity<springfox.documentation.swagger.web.UiConfiguration> springfox.documentation.swagger.web.ApiResourceController.uiConfiguration()
22:03:49.358 [main] INFO  org.springframework.web.servlet.mvc.method.annotation.RequestMappingHandlerMapping - Mapped "{[/swagger-resources]}" onto org.springframework.http.ResponseEntity<java.util.List<springfox.documentation.swagger.web.SwaggerResource>> springfox.documentation.swagger.web.ApiResourceController.swaggerResources()
22:03:49.359 [main] INFO  org.springframework.web.servlet.mvc.method.annotation.RequestMappingHandlerMapping - Mapped "{[/swagger-resources/configuration/security]}" onto org.springframework.http.ResponseEntity<springfox.documentation.swagger.web.SecurityConfiguration> springfox.documentation.swagger.web.ApiResourceController.securityConfiguration()
22:03:49.364 [main] INFO  org.springframework.web.servlet.mvc.method.annotation.RequestMappingHandlerMapping - Mapped "{[/error]}" onto public org.springframework.http.ResponseEntity<java.util.Map<java.lang.String, java.lang.Object>> org.springframework.boot.autoconfigure.web.servlet.error.BasicErrorController.error(javax.servlet.http.HttpServletRequest)
22:03:49.364 [main] INFO  org.springframework.web.servlet.mvc.method.annotation.RequestMappingHandlerMapping - Mapped "{[/error],produces=[text/html]}" onto public org.springframework.web.servlet.ModelAndView org.springframework.boot.autoconfigure.web.servlet.error.BasicErrorController.errorHtml(javax.servlet.http.HttpServletRequest,javax.servlet.http.HttpServletResponse)
22:03:49.639 [main] INFO  org.springframework.web.servlet.mvc.method.annotation.RequestMappingHandlerAdapter - Looking for @ControllerAdvice: org.springframework.boot.web.servlet.context.AnnotationConfigServletWebServerApplicationContext@3cd3e762: startup date [Thu Dec 06 22:03:46 CST 2018]; root of context hierarchy
22:03:49.696 [main] INFO  org.springframework.web.servlet.handler.SimpleUrlHandlerMapping - Mapped URL path [/webjars/**] onto handler of type [class org.springframework.web.servlet.resource.ResourceHttpRequestHandler]
22:03:49.696 [main] INFO  org.springframework.web.servlet.handler.SimpleUrlHandlerMapping - Mapped URL path [/**] onto handler of type [class org.springframework.web.servlet.resource.ResourceHttpRequestHandler]
22:03:49.733 [main] INFO  org.springframework.web.servlet.handler.SimpleUrlHandlerMapping - Mapped URL path [/**/favicon.ico] onto handler of type [class org.springframework.web.servlet.resource.ResourceHttpRequestHandler]
22:03:49.905 [main] INFO  org.springframework.jmx.export.annotation.AnnotationMBeanExporter - Registering beans for JMX exposure on startup
22:03:49.907 [main] INFO  org.springframework.jmx.export.annotation.AnnotationMBeanExporter - Bean with name 'dataSource' has been autodetected for JMX exposure
22:03:49.920 [main] INFO  org.springframework.jmx.export.annotation.AnnotationMBeanExporter - Located MBean 'dataSource': registering with JMX server as MBean [com.zaxxer.hikari:name=dataSource,type=HikariDataSource]
22:03:49.925 [main] INFO  org.springframework.context.support.DefaultLifecycleProcessor - Starting beans in phase 2147483647
22:03:49.925 [main] INFO  springfox.documentation.spring.web.plugins.DocumentationPluginsBootstrapper - Context refreshed
22:03:49.942 [main] INFO  springfox.documentation.spring.web.plugins.DocumentationPluginsBootstrapper - Found 1 custom documentation plugin(s)
22:03:49.953 [main] INFO  springfox.documentation.spring.web.scanners.ApiListingReferenceScanner - Scanning for api listing references
22:03:50.160 [main] INFO  org.apache.coyote.http11.Http11NioProtocol - Starting ProtocolHandler ["http-nio-8899"]
22:03:50.164 [main] ERROR org.apache.catalina.core.StandardService - Failed to start connector [Connector[HTTP/1.1-8899]]
org.apache.catalina.LifecycleException: Failed to start component [Connector[HTTP/1.1-8899]]
	at org.apache.catalina.util.LifecycleBase.start(LifecycleBase.java:167)
	at org.apache.catalina.core.StandardService.addConnector(StandardService.java:225)
	at org.springframework.boot.web.embedded.tomcat.TomcatWebServer.addPreviouslyRemovedConnectors(TomcatWebServer.java:255)
	at org.springframework.boot.web.embedded.tomcat.TomcatWebServer.start(TomcatWebServer.java:197)
	at org.springframework.boot.web.servlet.context.ServletWebServerApplicationContext.startWebServer(ServletWebServerApplicationContext.java:300)
	at org.springframework.boot.web.servlet.context.ServletWebServerApplicationContext.finishRefresh(ServletWebServerApplicationContext.java:162)
	at org.springframework.context.support.AbstractApplicationContext.refresh(AbstractApplicationContext.java:552)
	at org.springframework.boot.web.servlet.context.ServletWebServerApplicationContext.refresh(ServletWebServerApplicationContext.java:140)
	at org.springframework.boot.SpringApplication.refresh(SpringApplication.java:752)
	at org.springframework.boot.SpringApplication.refreshContext(SpringApplication.java:388)
	at org.springframework.boot.SpringApplication.run(SpringApplication.java:327)
	at org.springframework.boot.SpringApplication.run(SpringApplication.java:1246)
	at org.springframework.boot.SpringApplication.run(SpringApplication.java:1234)
	at com.batisex.Application.main(Application.java:14)
Caused by: org.apache.catalina.LifecycleException: Protocol handler start failed
	at org.apache.catalina.connector.Connector.startInternal(Connector.java:1021)
	at org.apache.catalina.util.LifecycleBase.start(LifecycleBase.java:150)
	... 13 common frames omitted
Caused by: java.net.BindException: Address already in use: bind
	at sun.nio.ch.Net.bind0(Native Method)
	at sun.nio.ch.Net.bind(Net.java:433)
	at sun.nio.ch.Net.bind(Net.java:425)
	at sun.nio.ch.ServerSocketChannelImpl.bind(ServerSocketChannelImpl.java:223)
	at sun.nio.ch.ServerSocketAdaptor.bind(ServerSocketAdaptor.java:74)
	at org.apache.tomcat.util.net.NioEndpoint.bind(NioEndpoint.java:210)
	at org.apache.tomcat.util.net.AbstractEndpoint.start(AbstractEndpoint.java:1150)
	at org.apache.coyote.AbstractProtocol.start(AbstractProtocol.java:591)
	at org.apache.catalina.connector.Connector.startInternal(Connector.java:1018)
	... 14 common frames omitted
22:03:50.167 [main] INFO  org.apache.coyote.http11.Http11NioProtocol - Pausing ProtocolHandler ["http-nio-8899"]
22:03:50.167 [main] INFO  org.apache.catalina.core.StandardService - Stopping service [Tomcat]
22:03:50.174 [main] INFO  org.apache.catalina.util.LifecycleBase - The stop() method was called on component [StandardServer[-1]] after stop() had already been called. The second call will be ignored.
22:03:50.174 [main] INFO  org.apache.coyote.http11.Http11NioProtocol - Stopping ProtocolHandler ["http-nio-8899"]
22:03:50.174 [main] INFO  org.apache.coyote.http11.Http11NioProtocol - Destroying ProtocolHandler ["http-nio-8899"]
22:03:50.178 [main] INFO  org.springframework.boot.autoconfigure.logging.ConditionEvaluationReportLoggingListener - 

Error starting ApplicationContext. To display the conditions report re-run your application with 'debug' enabled.
22:03:50.180 [main] ERROR org.springframework.boot.diagnostics.LoggingFailureAnalysisReporter - 

***************************
APPLICATION FAILED TO START
***************************

Description:

The Tomcat connector configured to listen on port 8899 failed to start. The port may already be in use or the connector may be misconfigured.

Action:

Verify the connector's configuration, identify and stop any process that's listening on port 8899, or configure this application to listen on another port.

22:03:50.181 [main] INFO  org.springframework.boot.web.servlet.context.AnnotationConfigServletWebServerApplicationContext - Closing org.springframework.boot.web.servlet.context.AnnotationConfigServletWebServerApplicationContext@3cd3e762: startup date [Thu Dec 06 22:03:46 CST 2018]; root of context hierarchy
22:03:50.183 [main] INFO  org.springframework.context.support.DefaultLifecycleProcessor - Stopping beans in phase 2147483647
22:03:50.183 [main] INFO  org.springframework.jmx.export.annotation.AnnotationMBeanExporter - Unregistering JMX-exposed beans on shutdown
22:03:50.184 [main] INFO  org.springframework.jmx.export.annotation.AnnotationMBeanExporter - Unregistering JMX-exposed beans
22:04:05.842 [main] INFO  com.batisex.Application - Starting Application on DESKTOP-FUQP5P8 with PID 33604 (C:\workspace\DemoTest1\ApiTestNGMyBatisDemo\target\classes started by ch in C:\workspace\DemoTest1)
22:04:05.846 [main] INFO  com.batisex.Application - No active profile set, falling back to default profiles: default
22:04:05.892 [main] INFO  org.springframework.boot.web.servlet.context.AnnotationConfigServletWebServerApplicationContext - Refreshing org.springframework.boot.web.servlet.context.AnnotationConfigServletWebServerApplicationContext@7eac9008: startup date [Thu Dec 06 22:04:05 CST 2018]; root of context hierarchy
22:04:06.586 [main] WARN  org.mybatis.spring.mapper.ClassPathMapperScanner - No MyBatis mapper was found in '[com.batisex]' package. Please check your configuration.
22:04:06.882 [main] INFO  org.springframework.context.support.PostProcessorRegistrationDelegate$BeanPostProcessorChecker - Bean 'org.springframework.transaction.annotation.ProxyTransactionManagementConfiguration' of type [org.springframework.transaction.annotation.ProxyTransactionManagementConfiguration$$EnhancerBySpringCGLIB$$22c89842] is not eligible for getting processed by all BeanPostProcessors (for example: not eligible for auto-proxying)
22:04:07.327 [main] INFO  org.springframework.boot.web.embedded.tomcat.TomcatWebServer - Tomcat initialized with port(s): 8899 (http)
22:04:07.341 [main] INFO  org.apache.coyote.http11.Http11NioProtocol - Initializing ProtocolHandler ["http-nio-8899"]
22:04:07.350 [main] INFO  org.apache.catalina.core.StandardService - Starting service [Tomcat]
22:04:07.350 [main] INFO  org.apache.catalina.core.StandardEngine - Starting Servlet Engine: Apache Tomcat/8.5.28
22:04:07.358 [localhost-startStop-1] INFO  org.apache.catalina.core.AprLifecycleListener - The APR based Apache Tomcat Native library which allows optimal performance in production environments was not found on the java.library.path: [C:\Java\jdk1.8.0_191\bin;C:\Windows\Sun\Java\bin;C:\Windows\system32;C:\Windows;C:\Program Files (x86)\Common Files\Oracle\Java\javapath;C:\Windows\system32;C:\Windows;C:\Windows\System32\Wbem;C:\Windows\System32\WindowsPowerShell\v1.0\;C:\Windows\System32\OpenSSH\;%JAVA_HOME%\bin;%JAVA_HOME%\jre\bin;C:\Program Files\Git\cmd;%JMETER_HOME%\bin;E:\mysql-5.7.20-winx64\bin;C:\Users\ch\AppData\Local\Microsoft\WindowsApps;;.]
22:04:07.465 [localhost-startStop-1] INFO  org.apache.catalina.core.ContainerBase.[Tomcat].[localhost].[/] - Initializing Spring embedded WebApplicationContext
22:04:07.465 [localhost-startStop-1] INFO  org.springframework.web.context.ContextLoader - Root WebApplicationContext: initialization completed in 1573 ms
22:04:07.572 [localhost-startStop-1] INFO  org.springframework.boot.web.servlet.ServletRegistrationBean - Servlet dispatcherServlet mapped to [/]
22:04:07.576 [localhost-startStop-1] INFO  org.springframework.boot.web.servlet.FilterRegistrationBean - Mapping filter: 'characterEncodingFilter' to: [/*]
22:04:07.576 [localhost-startStop-1] INFO  org.springframework.boot.web.servlet.FilterRegistrationBean - Mapping filter: 'hiddenHttpMethodFilter' to: [/*]
22:04:07.577 [localhost-startStop-1] INFO  org.springframework.boot.web.servlet.FilterRegistrationBean - Mapping filter: 'httpPutFormContentFilter' to: [/*]
22:04:07.577 [localhost-startStop-1] INFO  org.springframework.boot.web.servlet.FilterRegistrationBean - Mapping filter: 'requestContextFilter' to: [/*]
22:04:08.170 [main] INFO  org.springframework.web.servlet.mvc.method.annotation.RequestMappingHandlerMapping - Mapped "{[/v1/getUserInfo],methods=[POST]}" onto public java.util.List<com.batisex.model.User> com.batisex.controller.UserManager.getUserInfo(javax.servlet.http.HttpServletRequest,com.batisex.model.User)
22:04:08.171 [main] INFO  org.springframework.web.servlet.mvc.method.annotation.RequestMappingHandlerMapping - Mapped "{[/v1/addUser],methods=[POST]}" onto public boolean com.batisex.controller.UserManager.addUser(javax.servlet.http.HttpServletRequest,com.batisex.model.User)
22:04:08.171 [main] INFO  org.springframework.web.servlet.mvc.method.annotation.RequestMappingHandlerMapping - Mapped "{[/v1/updateUserInfo],methods=[POST]}" onto public int com.batisex.controller.UserManager.updateUser(javax.servlet.http.HttpServletRequest,com.batisex.model.User)
22:04:08.171 [main] INFO  org.springframework.web.servlet.mvc.method.annotation.RequestMappingHandlerMapping - Mapped "{[/v1/login],methods=[POST]}" onto public java.lang.Boolean com.batisex.controller.UserManager.login(javax.servlet.http.HttpServletResponse,com.batisex.model.User)
22:04:08.172 [main] INFO  org.springframework.web.servlet.mvc.method.annotation.RequestMappingHandlerMapping - Mapped "{[/v2/api-docs],methods=[GET],produces=[application/json || application/hal+json]}" onto public org.springframework.http.ResponseEntity<springfox.documentation.spring.web.json.Json> springfox.documentation.swagger2.web.Swagger2Controller.getDocumentation(java.lang.String,javax.servlet.http.HttpServletRequest)
22:04:08.176 [main] INFO  org.springframework.web.servlet.mvc.method.annotation.RequestMappingHandlerMapping - Mapped "{[/swagger-resources]}" onto org.springframework.http.ResponseEntity<java.util.List<springfox.documentation.swagger.web.SwaggerResource>> springfox.documentation.swagger.web.ApiResourceController.swaggerResources()
22:04:08.177 [main] INFO  org.springframework.web.servlet.mvc.method.annotation.RequestMappingHandlerMapping - Mapped "{[/swagger-resources/configuration/ui]}" onto org.springframework.http.ResponseEntity<springfox.documentation.swagger.web.UiConfiguration> springfox.documentation.swagger.web.ApiResourceController.uiConfiguration()
22:04:08.178 [main] INFO  org.springframework.web.servlet.mvc.method.annotation.RequestMappingHandlerMapping - Mapped "{[/swagger-resources/configuration/security]}" onto org.springframework.http.ResponseEntity<springfox.documentation.swagger.web.SecurityConfiguration> springfox.documentation.swagger.web.ApiResourceController.securityConfiguration()
22:04:08.187 [main] INFO  org.springframework.web.servlet.mvc.method.annotation.RequestMappingHandlerMapping - Mapped "{[/error]}" onto public org.springframework.http.ResponseEntity<java.util.Map<java.lang.String, java.lang.Object>> org.springframework.boot.autoconfigure.web.servlet.error.BasicErrorController.error(javax.servlet.http.HttpServletRequest)
22:04:08.187 [main] INFO  org.springframework.web.servlet.mvc.method.annotation.RequestMappingHandlerMapping - Mapped "{[/error],produces=[text/html]}" onto public org.springframework.web.servlet.ModelAndView org.springframework.boot.autoconfigure.web.servlet.error.BasicErrorController.errorHtml(javax.servlet.http.HttpServletRequest,javax.servlet.http.HttpServletResponse)
22:04:08.485 [main] INFO  org.springframework.web.servlet.mvc.method.annotation.RequestMappingHandlerAdapter - Looking for @ControllerAdvice: org.springframework.boot.web.servlet.context.AnnotationConfigServletWebServerApplicationContext@7eac9008: startup date [Thu Dec 06 22:04:05 CST 2018]; root of context hierarchy
22:04:08.541 [main] INFO  org.springframework.web.servlet.handler.SimpleUrlHandlerMapping - Mapped URL path [/webjars/**] onto handler of type [class org.springframework.web.servlet.resource.ResourceHttpRequestHandler]
22:04:08.541 [main] INFO  org.springframework.web.servlet.handler.SimpleUrlHandlerMapping - Mapped URL path [/**] onto handler of type [class org.springframework.web.servlet.resource.ResourceHttpRequestHandler]
22:04:08.574 [main] INFO  org.springframework.web.servlet.handler.SimpleUrlHandlerMapping - Mapped URL path [/**/favicon.ico] onto handler of type [class org.springframework.web.servlet.resource.ResourceHttpRequestHandler]
22:04:08.729 [main] INFO  org.springframework.jmx.export.annotation.AnnotationMBeanExporter - Registering beans for JMX exposure on startup
22:04:08.730 [main] INFO  org.springframework.jmx.export.annotation.AnnotationMBeanExporter - Bean with name 'dataSource' has been autodetected for JMX exposure
22:04:08.734 [main] INFO  org.springframework.jmx.export.annotation.AnnotationMBeanExporter - Located MBean 'dataSource': registering with JMX server as MBean [com.zaxxer.hikari:name=dataSource,type=HikariDataSource]
22:04:08.738 [main] INFO  org.springframework.context.support.DefaultLifecycleProcessor - Starting beans in phase 2147483647
22:04:08.738 [main] INFO  springfox.documentation.spring.web.plugins.DocumentationPluginsBootstrapper - Context refreshed
22:04:08.753 [main] INFO  springfox.documentation.spring.web.plugins.DocumentationPluginsBootstrapper - Found 1 custom documentation plugin(s)
22:04:08.763 [main] INFO  springfox.documentation.spring.web.scanners.ApiListingReferenceScanner - Scanning for api listing references
22:04:08.939 [main] INFO  org.apache.coyote.http11.Http11NioProtocol - Starting ProtocolHandler ["http-nio-8899"]
22:04:08.947 [main] INFO  org.apache.tomcat.util.net.NioSelectorPool - Using a shared selector for servlet write/read
22:04:08.959 [main] INFO  org.springframework.boot.web.embedded.tomcat.TomcatWebServer - Tomcat started on port(s): 8899 (http) with context path ''
22:04:08.962 [main] INFO  com.batisex.Application - Started Application in 3.425 seconds (JVM running for 3.907)
22:04:17.417 [http-nio-8899-exec-1] INFO  org.apache.catalina.core.ContainerBase.[Tomcat].[localhost].[/] - Initializing Spring FrameworkServlet 'dispatcherServlet'
22:04:17.417 [http-nio-8899-exec-1] INFO  org.springframework.web.servlet.DispatcherServlet - FrameworkServlet 'dispatcherServlet': initialization started
22:04:17.437 [http-nio-8899-exec-1] INFO  org.springframework.web.servlet.DispatcherServlet - FrameworkServlet 'dispatcherServlet': initialization completed in 20 ms
22:04:17.519 [http-nio-8899-exec-1] INFO  com.zaxxer.hikari.HikariDataSource - HikariPool-1 - Starting...
22:04:17.661 [http-nio-8899-exec-1] INFO  com.zaxxer.hikari.HikariDataSource - HikariPool-1 - Start completed.
22:04:17.684 [http-nio-8899-exec-1] INFO  com.batisex.controller.UserManager - 查询到的结果是：1
22:04:17.684 [http-nio-8899-exec-1] INFO  com.batisex.controller.UserManager - 登录用户是：zhangsan
22:04:17.738 [http-nio-8899-exec-2] INFO  com.batisex.controller.UserManager - 查询到的结果是：0
22:04:17.775 [http-nio-8899-exec-4] INFO  com.batisex.controller.UserManager - cookie 验证通过
22:04:17.804 [http-nio-8899-exec-4] INFO  com.batisex.controller.UserManager - 添加用户的数量是：1
22:04:20.848 [http-nio-8899-exec-3] INFO  com.batisex.controller.UserManager - cookie 验证通过
22:04:20.887 [http-nio-8899-exec-3] INFO  com.batisex.controller.UserManager - getUserInfo获取到的用户数量为:1
22:04:20.946 [http-nio-8899-exec-5] INFO  com.batisex.controller.UserManager - cookie 验证通过
22:04:20.949 [http-nio-8899-exec-5] INFO  com.batisex.controller.UserManager - getUserInfo获取到的用户数量为:6
22:04:20.995 [http-nio-8899-exec-6] INFO  com.batisex.controller.UserManager - cookie 验证通过
22:04:21.020 [http-nio-8899-exec-6] INFO  com.batisex.controller.UserManager - 更新数据的条目数为：1
22:04:21.057 [http-nio-8899-exec-7] INFO  com.batisex.controller.UserManager - cookie 验证通过
22:04:21.085 [http-nio-8899-exec-7] INFO  com.batisex.controller.UserManager - 更新数据的条目数为：1
22:15:38.105 [http-nio-8899-exec-9] INFO  com.batisex.controller.UserManager - 查询到的结果是：1
22:15:38.105 [http-nio-8899-exec-9] INFO  com.batisex.controller.UserManager - 登录用户是：zhangsan
22:15:38.146 [http-nio-8899-exec-10] INFO  com.batisex.controller.UserManager - 查询到的结果是：0
22:15:38.181 [http-nio-8899-exec-1] INFO  com.batisex.controller.UserManager - cookie 验证通过
22:15:38.205 [http-nio-8899-exec-1] INFO  com.batisex.controller.UserManager - 添加用户的数量是：1
22:15:41.252 [http-nio-8899-exec-2] INFO  com.batisex.controller.UserManager - cookie 验证通过
22:15:41.255 [http-nio-8899-exec-2] INFO  com.batisex.controller.UserManager - getUserInfo获取到的用户数量为:1
22:15:41.293 [http-nio-8899-exec-4] INFO  com.batisex.controller.UserManager - cookie 验证通过
22:15:41.298 [http-nio-8899-exec-4] INFO  com.batisex.controller.UserManager - getUserInfo获取到的用户数量为:6
22:15:41.345 [http-nio-8899-exec-3] INFO  com.batisex.controller.UserManager - cookie 验证通过
22:15:41.378 [http-nio-8899-exec-3] INFO  com.batisex.controller.UserManager - 更新数据的条目数为：1
22:15:41.418 [http-nio-8899-exec-5] INFO  com.batisex.controller.UserManager - cookie 验证通过
22:15:41.447 [http-nio-8899-exec-5] INFO  com.batisex.controller.UserManager - 更新数据的条目数为：1
22:55:46.088 [http-nio-8899-exec-7] INFO  com.batisex.controller.UserManager - 查询到的结果是：1
22:55:46.088 [http-nio-8899-exec-7] INFO  com.batisex.controller.UserManager - 登录用户是：zhangsan
22:55:46.130 [http-nio-8899-exec-8] INFO  com.batisex.controller.UserManager - 查询到的结果是：0
22:55:46.167 [http-nio-8899-exec-9] INFO  com.batisex.controller.UserManager - cookie 验证通过
22:55:46.199 [http-nio-8899-exec-9] INFO  com.batisex.controller.UserManager - 添加用户的数量是：1
22:55:49.244 [http-nio-8899-exec-10] INFO  com.batisex.controller.UserManager - cookie 验证通过
22:55:49.246 [http-nio-8899-exec-10] INFO  com.batisex.controller.UserManager - getUserInfo获取到的用户数量为:1
22:55:49.275 [http-nio-8899-exec-1] INFO  com.batisex.controller.UserManager - cookie 验证通过
22:55:49.277 [http-nio-8899-exec-1] INFO  com.batisex.controller.UserManager - getUserInfo获取到的用户数量为:6
22:55:49.326 [http-nio-8899-exec-2] INFO  com.batisex.controller.UserManager - cookie 验证通过
22:55:49.352 [http-nio-8899-exec-2] INFO  com.batisex.controller.UserManager - 更新数据的条目数为：1
22:55:49.387 [http-nio-8899-exec-4] INFO  com.batisex.controller.UserManager - cookie 验证通过
22:55:49.416 [http-nio-8899-exec-4] INFO  com.batisex.controller.UserManager - 更新数据的条目数为：1
22:59:28.360 [main] INFO  com.batisex.Application - Starting Application on DESKTOP-FUQP5P8 with PID 10716 (C:\workspace\DemoTest1\ApiTestNGMyBatisDemo\target\classes started by ch in C:\workspace\DemoTest1)
22:59:28.366 [main] INFO  com.batisex.Application - No active profile set, falling back to default profiles: default
22:59:28.418 [main] INFO  org.springframework.boot.web.servlet.context.AnnotationConfigServletWebServerApplicationContext - Refreshing org.springframework.boot.web.servlet.context.AnnotationConfigServletWebServerApplicationContext@7eac9008: startup date [Thu Dec 06 22:59:28 CST 2018]; root of context hierarchy
22:59:29.126 [main] WARN  org.mybatis.spring.mapper.ClassPathMapperScanner - No MyBatis mapper was found in '[com.batisex]' package. Please check your configuration.
22:59:29.417 [main] INFO  org.springframework.context.support.PostProcessorRegistrationDelegate$BeanPostProcessorChecker - Bean 'org.springframework.transaction.annotation.ProxyTransactionManagementConfiguration' of type [org.springframework.transaction.annotation.ProxyTransactionManagementConfiguration$$EnhancerBySpringCGLIB$$6e54789d] is not eligible for getting processed by all BeanPostProcessors (for example: not eligible for auto-proxying)
22:59:29.866 [main] INFO  org.springframework.boot.web.embedded.tomcat.TomcatWebServer - Tomcat initialized with port(s): 8899 (http)
22:59:29.879 [main] INFO  org.apache.coyote.http11.Http11NioProtocol - Initializing ProtocolHandler ["http-nio-8899"]
22:59:29.888 [main] INFO  org.apache.catalina.core.StandardService - Starting service [Tomcat]
22:59:29.888 [main] INFO  org.apache.catalina.core.StandardEngine - Starting Servlet Engine: Apache Tomcat/8.5.28
22:59:29.898 [localhost-startStop-1] INFO  org.apache.catalina.core.AprLifecycleListener - The APR based Apache Tomcat Native library which allows optimal performance in production environments was not found on the java.library.path: [C:\Java\jdk1.8.0_191\bin;C:\Windows\Sun\Java\bin;C:\Windows\system32;C:\Windows;C:\Program Files (x86)\Common Files\Oracle\Java\javapath;C:\Windows\system32;C:\Windows;C:\Windows\System32\Wbem;C:\Windows\System32\WindowsPowerShell\v1.0\;C:\Windows\System32\OpenSSH\;%JAVA_HOME%\bin;%JAVA_HOME%\jre\bin;C:\Program Files\Git\cmd;%JMETER_HOME%\bin;E:\mysql-5.7.20-winx64\bin;C:\Users\ch\AppData\Local\Microsoft\WindowsApps;;.]
22:59:29.995 [localhost-startStop-1] INFO  org.apache.catalina.core.ContainerBase.[Tomcat].[localhost].[/] - Initializing Spring embedded WebApplicationContext
22:59:29.995 [localhost-startStop-1] INFO  org.springframework.web.context.ContextLoader - Root WebApplicationContext: initialization completed in 1577 ms
22:59:30.104 [localhost-startStop-1] INFO  org.springframework.boot.web.servlet.ServletRegistrationBean - Servlet dispatcherServlet mapped to [/]
22:59:30.108 [localhost-startStop-1] INFO  org.springframework.boot.web.servlet.FilterRegistrationBean - Mapping filter: 'characterEncodingFilter' to: [/*]
22:59:30.108 [localhost-startStop-1] INFO  org.springframework.boot.web.servlet.FilterRegistrationBean - Mapping filter: 'hiddenHttpMethodFilter' to: [/*]
22:59:30.108 [localhost-startStop-1] INFO  org.springframework.boot.web.servlet.FilterRegistrationBean - Mapping filter: 'httpPutFormContentFilter' to: [/*]
22:59:30.108 [localhost-startStop-1] INFO  org.springframework.boot.web.servlet.FilterRegistrationBean - Mapping filter: 'requestContextFilter' to: [/*]
22:59:30.728 [main] INFO  org.springframework.web.servlet.mvc.method.annotation.RequestMappingHandlerMapping - Mapped "{[/v1/getUserInfo],methods=[POST]}" onto public java.util.List<com.batisex.model.User> com.batisex.controller.UserManager.getUserInfo(javax.servlet.http.HttpServletRequest,com.batisex.model.User)
22:59:30.729 [main] INFO  org.springframework.web.servlet.mvc.method.annotation.RequestMappingHandlerMapping - Mapped "{[/v1/addUser],methods=[POST]}" onto public boolean com.batisex.controller.UserManager.addUser(javax.servlet.http.HttpServletRequest,com.batisex.model.User)
22:59:30.729 [main] INFO  org.springframework.web.servlet.mvc.method.annotation.RequestMappingHandlerMapping - Mapped "{[/v1/updateUserInfo],methods=[POST]}" onto public int com.batisex.controller.UserManager.updateUser(javax.servlet.http.HttpServletRequest,com.batisex.model.User)
22:59:30.729 [main] INFO  org.springframework.web.servlet.mvc.method.annotation.RequestMappingHandlerMapping - Mapped "{[/v1/login],methods=[POST]}" onto public java.lang.Boolean com.batisex.controller.UserManager.login(javax.servlet.http.HttpServletResponse,com.batisex.model.User)
22:59:30.731 [main] INFO  org.springframework.web.servlet.mvc.method.annotation.RequestMappingHandlerMapping - Mapped "{[/v2/api-docs],methods=[GET],produces=[application/json || application/hal+json]}" onto public org.springframework.http.ResponseEntity<springfox.documentation.spring.web.json.Json> springfox.documentation.swagger2.web.Swagger2Controller.getDocumentation(java.lang.String,javax.servlet.http.HttpServletRequest)
22:59:30.734 [main] INFO  org.springframework.web.servlet.mvc.method.annotation.RequestMappingHandlerMapping - Mapped "{[/swagger-resources/configuration/ui]}" onto org.springframework.http.ResponseEntity<springfox.documentation.swagger.web.UiConfiguration> springfox.documentation.swagger.web.ApiResourceController.uiConfiguration()
22:59:30.735 [main] INFO  org.springframework.web.servlet.mvc.method.annotation.RequestMappingHandlerMapping - Mapped "{[/swagger-resources]}" onto org.springframework.http.ResponseEntity<java.util.List<springfox.documentation.swagger.web.SwaggerResource>> springfox.documentation.swagger.web.ApiResourceController.swaggerResources()
22:59:30.735 [main] INFO  org.springframework.web.servlet.mvc.method.annotation.RequestMappingHandlerMapping - Mapped "{[/swagger-resources/configuration/security]}" onto org.springframework.http.ResponseEntity<springfox.documentation.swagger.web.SecurityConfiguration> springfox.documentation.swagger.web.ApiResourceController.securityConfiguration()
22:59:30.741 [main] INFO  org.springframework.web.servlet.mvc.method.annotation.RequestMappingHandlerMapping - Mapped "{[/error]}" onto public org.springframework.http.ResponseEntity<java.util.Map<java.lang.String, java.lang.Object>> org.springframework.boot.autoconfigure.web.servlet.error.BasicErrorController.error(javax.servlet.http.HttpServletRequest)
22:59:30.741 [main] INFO  org.springframework.web.servlet.mvc.method.annotation.RequestMappingHandlerMapping - Mapped "{[/error],produces=[text/html]}" onto public org.springframework.web.servlet.ModelAndView org.springframework.boot.autoconfigure.web.servlet.error.BasicErrorController.errorHtml(javax.servlet.http.HttpServletRequest,javax.servlet.http.HttpServletResponse)
22:59:31.044 [main] INFO  org.springframework.web.servlet.mvc.method.annotation.RequestMappingHandlerAdapter - Looking for @ControllerAdvice: org.springframework.boot.web.servlet.context.AnnotationConfigServletWebServerApplicationContext@7eac9008: startup date [Thu Dec 06 22:59:28 CST 2018]; root of context hierarchy
22:59:31.101 [main] INFO  org.springframework.web.servlet.handler.SimpleUrlHandlerMapping - Mapped URL path [/webjars/**] onto handler of type [class org.springframework.web.servlet.resource.ResourceHttpRequestHandler]
22:59:31.101 [main] INFO  org.springframework.web.servlet.handler.SimpleUrlHandlerMapping - Mapped URL path [/**] onto handler of type [class org.springframework.web.servlet.resource.ResourceHttpRequestHandler]
22:59:31.134 [main] INFO  org.springframework.web.servlet.handler.SimpleUrlHandlerMapping - Mapped URL path [/**/favicon.ico] onto handler of type [class org.springframework.web.servlet.resource.ResourceHttpRequestHandler]
22:59:31.294 [main] INFO  org.springframework.jmx.export.annotation.AnnotationMBeanExporter - Registering beans for JMX exposure on startup
22:59:31.296 [main] INFO  org.springframework.jmx.export.annotation.AnnotationMBeanExporter - Bean with name 'dataSource' has been autodetected for JMX exposure
22:59:31.300 [main] INFO  org.springframework.jmx.export.annotation.AnnotationMBeanExporter - Located MBean 'dataSource': registering with JMX server as MBean [com.zaxxer.hikari:name=dataSource,type=HikariDataSource]
22:59:31.304 [main] INFO  org.springframework.context.support.DefaultLifecycleProcessor - Starting beans in phase 2147483647
22:59:31.304 [main] INFO  springfox.documentation.spring.web.plugins.DocumentationPluginsBootstrapper - Context refreshed
22:59:31.319 [main] INFO  springfox.documentation.spring.web.plugins.DocumentationPluginsBootstrapper - Found 1 custom documentation plugin(s)
22:59:31.328 [main] INFO  springfox.documentation.spring.web.scanners.ApiListingReferenceScanner - Scanning for api listing references
22:59:31.512 [main] INFO  org.apache.coyote.http11.Http11NioProtocol - Starting ProtocolHandler ["http-nio-8899"]
22:59:31.520 [main] INFO  org.apache.tomcat.util.net.NioSelectorPool - Using a shared selector for servlet write/read
22:59:31.533 [main] INFO  org.springframework.boot.web.embedded.tomcat.TomcatWebServer - Tomcat started on port(s): 8899 (http) with context path ''
22:59:31.536 [main] INFO  com.batisex.Application - Started Application in 3.503 seconds (JVM running for 3.998)
22:59:37.966 [http-nio-8899-exec-1] INFO  org.apache.catalina.core.ContainerBase.[Tomcat].[localhost].[/] - Initializing Spring FrameworkServlet 'dispatcherServlet'
22:59:37.966 [http-nio-8899-exec-1] INFO  org.springframework.web.servlet.DispatcherServlet - FrameworkServlet 'dispatcherServlet': initialization started
22:59:37.983 [http-nio-8899-exec-1] INFO  org.springframework.web.servlet.DispatcherServlet - FrameworkServlet 'dispatcherServlet': initialization completed in 17 ms
22:59:38.061 [http-nio-8899-exec-1] INFO  com.zaxxer.hikari.HikariDataSource - HikariPool-1 - Starting...
22:59:38.205 [http-nio-8899-exec-1] INFO  com.zaxxer.hikari.HikariDataSource - HikariPool-1 - Start completed.
22:59:38.231 [http-nio-8899-exec-1] INFO  com.batisex.controller.UserManager - 查询到的结果是：1
22:59:38.231 [http-nio-8899-exec-1] INFO  com.batisex.controller.UserManager - 登录用户是：zhangsan
22:59:38.289 [http-nio-8899-exec-2] INFO  com.batisex.controller.UserManager - 查询到的结果是：0
22:59:38.329 [http-nio-8899-exec-3] INFO  com.batisex.controller.UserManager - cookie 验证通过
22:59:38.357 [http-nio-8899-exec-3] INFO  com.batisex.controller.UserManager - 添加用户的数量是：1
22:59:41.405 [http-nio-8899-exec-5] INFO  com.batisex.controller.UserManager - cookie 验证通过
22:59:41.432 [http-nio-8899-exec-5] INFO  com.batisex.controller.UserManager - getUserInfo获取到的用户数量为:1
22:59:41.471 [http-nio-8899-exec-4] INFO  com.batisex.controller.UserManager - cookie 验证通过
22:59:41.473 [http-nio-8899-exec-4] INFO  com.batisex.controller.UserManager - getUserInfo获取到的用户数量为:6
22:59:41.520 [http-nio-8899-exec-6] INFO  com.batisex.controller.UserManager - cookie 验证通过
22:59:41.549 [http-nio-8899-exec-6] INFO  com.batisex.controller.UserManager - 更新数据的条目数为：1
22:59:41.584 [http-nio-8899-exec-7] INFO  com.batisex.controller.UserManager - cookie 验证通过
22:59:41.613 [http-nio-8899-exec-7] INFO  com.batisex.controller.UserManager - 更新数据的条目数为：1
23:12:04.502 [main] INFO  com.batisex.Application - Starting Application on DESKTOP-FUQP5P8 with PID 16436 (C:\workspace\DemoTest1\ApiTestNGMyBatisDemo\target\classes started by ch in C:\workspace\DemoTest1)
23:12:04.506 [main] INFO  com.batisex.Application - No active profile set, falling back to default profiles: default
23:12:04.568 [main] INFO  org.springframework.boot.web.servlet.context.AnnotationConfigServletWebServerApplicationContext - Refreshing org.springframework.boot.web.servlet.context.AnnotationConfigServletWebServerApplicationContext@7eac9008: startup date [Thu Dec 06 23:12:04 CST 2018]; root of context hierarchy
23:12:05.310 [main] WARN  org.mybatis.spring.mapper.ClassPathMapperScanner - No MyBatis mapper was found in '[com.batisex]' package. Please check your configuration.
23:12:05.613 [main] INFO  org.springframework.context.support.PostProcessorRegistrationDelegate$BeanPostProcessorChecker - Bean 'org.springframework.transaction.annotation.ProxyTransactionManagementConfiguration' of type [org.springframework.transaction.annotation.ProxyTransactionManagementConfiguration$$EnhancerBySpringCGLIB$$12e29a86] is not eligible for getting processed by all BeanPostProcessors (for example: not eligible for auto-proxying)
23:12:06.048 [main] INFO  org.springframework.boot.web.embedded.tomcat.TomcatWebServer - Tomcat initialized with port(s): 8899 (http)
23:12:06.061 [main] INFO  org.apache.coyote.http11.Http11NioProtocol - Initializing ProtocolHandler ["http-nio-8899"]
23:12:06.075 [main] INFO  org.apache.catalina.core.StandardService - Starting service [Tomcat]
23:12:06.075 [main] INFO  org.apache.catalina.core.StandardEngine - Starting Servlet Engine: Apache Tomcat/8.5.28
23:12:06.089 [localhost-startStop-1] INFO  org.apache.catalina.core.AprLifecycleListener - The APR based Apache Tomcat Native library which allows optimal performance in production environments was not found on the java.library.path: [C:\Java\jdk1.8.0_191\bin;C:\Windows\Sun\Java\bin;C:\Windows\system32;C:\Windows;C:\Program Files (x86)\Common Files\Oracle\Java\javapath;C:\Windows\system32;C:\Windows;C:\Windows\System32\Wbem;C:\Windows\System32\WindowsPowerShell\v1.0\;C:\Windows\System32\OpenSSH\;%JAVA_HOME%\bin;%JAVA_HOME%\jre\bin;C:\Program Files\Git\cmd;%JMETER_HOME%\bin;E:\mysql-5.7.20-winx64\bin;C:\Users\ch\AppData\Local\Microsoft\WindowsApps;;.]
23:12:06.196 [localhost-startStop-1] INFO  org.apache.catalina.core.ContainerBase.[Tomcat].[localhost].[/] - Initializing Spring embedded WebApplicationContext
23:12:06.196 [localhost-startStop-1] INFO  org.springframework.web.context.ContextLoader - Root WebApplicationContext: initialization completed in 1628 ms
23:12:06.302 [localhost-startStop-1] INFO  org.springframework.boot.web.servlet.ServletRegistrationBean - Servlet dispatcherServlet mapped to [/]
23:12:06.306 [localhost-startStop-1] INFO  org.springframework.boot.web.servlet.FilterRegistrationBean - Mapping filter: 'characterEncodingFilter' to: [/*]
23:12:06.307 [localhost-startStop-1] INFO  org.springframework.boot.web.servlet.FilterRegistrationBean - Mapping filter: 'hiddenHttpMethodFilter' to: [/*]
23:12:06.307 [localhost-startStop-1] INFO  org.springframework.boot.web.servlet.FilterRegistrationBean - Mapping filter: 'httpPutFormContentFilter' to: [/*]
23:12:06.307 [localhost-startStop-1] INFO  org.springframework.boot.web.servlet.FilterRegistrationBean - Mapping filter: 'requestContextFilter' to: [/*]
23:12:06.975 [main] INFO  org.springframework.web.servlet.mvc.method.annotation.RequestMappingHandlerMapping - Mapped "{[/v1/getUserInfo],methods=[POST]}" onto public java.util.List<com.batisex.model.User> com.batisex.controller.UserManager.getUserInfo(javax.servlet.http.HttpServletRequest,com.batisex.model.User)
23:12:06.976 [main] INFO  org.springframework.web.servlet.mvc.method.annotation.RequestMappingHandlerMapping - Mapped "{[/v1/login],methods=[POST]}" onto public java.lang.Boolean com.batisex.controller.UserManager.login(javax.servlet.http.HttpServletResponse,com.batisex.model.User)
23:12:06.977 [main] INFO  org.springframework.web.servlet.mvc.method.annotation.RequestMappingHandlerMapping - Mapped "{[/v1/updateUserInfo],methods=[POST]}" onto public int com.batisex.controller.UserManager.updateUser(javax.servlet.http.HttpServletRequest,com.batisex.model.User)
23:12:06.977 [main] INFO  org.springframework.web.servlet.mvc.method.annotation.RequestMappingHandlerMapping - Mapped "{[/v1/addUser],methods=[POST]}" onto public boolean com.batisex.controller.UserManager.addUser(javax.servlet.http.HttpServletRequest,com.batisex.model.User)
23:12:06.978 [main] INFO  org.springframework.web.servlet.mvc.method.annotation.RequestMappingHandlerMapping - Mapped "{[/v2/api-docs],methods=[GET],produces=[application/json || application/hal+json]}" onto public org.springframework.http.ResponseEntity<springfox.documentation.spring.web.json.Json> springfox.documentation.swagger2.web.Swagger2Controller.getDocumentation(java.lang.String,javax.servlet.http.HttpServletRequest)
23:12:06.982 [main] INFO  org.springframework.web.servlet.mvc.method.annotation.RequestMappingHandlerMapping - Mapped "{[/swagger-resources/configuration/ui]}" onto org.springframework.http.ResponseEntity<springfox.documentation.swagger.web.UiConfiguration> springfox.documentation.swagger.web.ApiResourceController.uiConfiguration()
23:12:06.982 [main] INFO  org.springframework.web.servlet.mvc.method.annotation.RequestMappingHandlerMapping - Mapped "{[/swagger-resources]}" onto org.springframework.http.ResponseEntity<java.util.List<springfox.documentation.swagger.web.SwaggerResource>> springfox.documentation.swagger.web.ApiResourceController.swaggerResources()
23:12:06.983 [main] INFO  org.springframework.web.servlet.mvc.method.annotation.RequestMappingHandlerMapping - Mapped "{[/swagger-resources/configuration/security]}" onto org.springframework.http.ResponseEntity<springfox.documentation.swagger.web.SecurityConfiguration> springfox.documentation.swagger.web.ApiResourceController.securityConfiguration()
23:12:06.988 [main] INFO  org.springframework.web.servlet.mvc.method.annotation.RequestMappingHandlerMapping - Mapped "{[/error]}" onto public org.springframework.http.ResponseEntity<java.util.Map<java.lang.String, java.lang.Object>> org.springframework.boot.autoconfigure.web.servlet.error.BasicErrorController.error(javax.servlet.http.HttpServletRequest)
23:12:06.988 [main] INFO  org.springframework.web.servlet.mvc.method.annotation.RequestMappingHandlerMapping - Mapped "{[/error],produces=[text/html]}" onto public org.springframework.web.servlet.ModelAndView org.springframework.boot.autoconfigure.web.servlet.error.BasicErrorController.errorHtml(javax.servlet.http.HttpServletRequest,javax.servlet.http.HttpServletResponse)
23:12:07.253 [main] INFO  org.springframework.web.servlet.mvc.method.annotation.RequestMappingHandlerAdapter - Looking for @ControllerAdvice: org.springframework.boot.web.servlet.context.AnnotationConfigServletWebServerApplicationContext@7eac9008: startup date [Thu Dec 06 23:12:04 CST 2018]; root of context hierarchy
23:12:07.309 [main] INFO  org.springframework.web.servlet.handler.SimpleUrlHandlerMapping - Mapped URL path [/webjars/**] onto handler of type [class org.springframework.web.servlet.resource.ResourceHttpRequestHandler]
23:12:07.309 [main] INFO  org.springframework.web.servlet.handler.SimpleUrlHandlerMapping - Mapped URL path [/**] onto handler of type [class org.springframework.web.servlet.resource.ResourceHttpRequestHandler]
23:12:07.341 [main] INFO  org.springframework.web.servlet.handler.SimpleUrlHandlerMapping - Mapped URL path [/**/favicon.ico] onto handler of type [class org.springframework.web.servlet.resource.ResourceHttpRequestHandler]
23:12:07.496 [main] INFO  org.springframework.jmx.export.annotation.AnnotationMBeanExporter - Registering beans for JMX exposure on startup
23:12:07.497 [main] INFO  org.springframework.jmx.export.annotation.AnnotationMBeanExporter - Bean with name 'dataSource' has been autodetected for JMX exposure
23:12:07.503 [main] INFO  org.springframework.jmx.export.annotation.AnnotationMBeanExporter - Located MBean 'dataSource': registering with JMX server as MBean [com.zaxxer.hikari:name=dataSource,type=HikariDataSource]
23:12:07.507 [main] INFO  org.springframework.context.support.DefaultLifecycleProcessor - Starting beans in phase 2147483647
23:12:07.507 [main] INFO  springfox.documentation.spring.web.plugins.DocumentationPluginsBootstrapper - Context refreshed
23:12:07.524 [main] INFO  springfox.documentation.spring.web.plugins.DocumentationPluginsBootstrapper - Found 1 custom documentation plugin(s)
23:12:07.535 [main] INFO  springfox.documentation.spring.web.scanners.ApiListingReferenceScanner - Scanning for api listing references
23:12:07.734 [main] INFO  org.apache.coyote.http11.Http11NioProtocol - Starting ProtocolHandler ["http-nio-8899"]
23:12:07.743 [main] INFO  org.apache.tomcat.util.net.NioSelectorPool - Using a shared selector for servlet write/read
23:12:07.755 [main] INFO  org.springframework.boot.web.embedded.tomcat.TomcatWebServer - Tomcat started on port(s): 8899 (http) with context path ''
23:12:07.757 [main] INFO  com.batisex.Application - Started Application in 3.57 seconds (JVM running for 4.074)
23:12:14.470 [http-nio-8899-exec-1] INFO  org.apache.catalina.core.ContainerBase.[Tomcat].[localhost].[/] - Initializing Spring FrameworkServlet 'dispatcherServlet'
23:12:14.470 [http-nio-8899-exec-1] INFO  org.springframework.web.servlet.DispatcherServlet - FrameworkServlet 'dispatcherServlet': initialization started
23:12:14.491 [http-nio-8899-exec-1] INFO  org.springframework.web.servlet.DispatcherServlet - FrameworkServlet 'dispatcherServlet': initialization completed in 21 ms
23:12:14.582 [http-nio-8899-exec-1] INFO  com.zaxxer.hikari.HikariDataSource - HikariPool-1 - Starting...
23:12:14.735 [http-nio-8899-exec-1] INFO  com.zaxxer.hikari.HikariDataSource - HikariPool-1 - Start completed.
23:12:14.759 [http-nio-8899-exec-1] INFO  com.batisex.controller.UserManager - 查询到的结果是：1
23:12:14.759 [http-nio-8899-exec-1] INFO  com.batisex.controller.UserManager - 登录用户是：zhangsan
23:12:14.817 [http-nio-8899-exec-2] INFO  com.batisex.controller.UserManager - 查询到的结果是：0
23:12:14.859 [http-nio-8899-exec-3] INFO  com.batisex.controller.UserManager - cookie 验证通过
23:12:14.896 [http-nio-8899-exec-3] INFO  com.batisex.controller.UserManager - 添加用户的数量是：1
23:12:17.941 [http-nio-8899-exec-4] INFO  com.batisex.controller.UserManager - cookie 验证通过
23:12:17.970 [http-nio-8899-exec-4] INFO  com.batisex.controller.UserManager - getUserInfo获取到的用户数量为:1
23:12:18.016 [http-nio-8899-exec-5] INFO  com.batisex.controller.UserManager - cookie 验证通过
23:12:18.018 [http-nio-8899-exec-5] INFO  com.batisex.controller.UserManager - getUserInfo获取到的用户数量为:6
23:12:18.064 [http-nio-8899-exec-6] INFO  com.batisex.controller.UserManager - cookie 验证通过
23:12:18.089 [http-nio-8899-exec-6] INFO  com.batisex.controller.UserManager - 更新数据的条目数为：1
23:12:18.128 [http-nio-8899-exec-7] INFO  com.batisex.controller.UserManager - cookie 验证通过
23:12:18.161 [http-nio-8899-exec-7] INFO  com.batisex.controller.UserManager - 更新数据的条目数为：1
23:13:59.331 [main] INFO  com.batisex.Application - Starting Application on DESKTOP-FUQP5P8 with PID 25056 (C:\workspace\DemoTest1\ApiTestNGMyBatisDemo\target\classes started by ch in C:\workspace\DemoTest1)
23:13:59.334 [main] INFO  com.batisex.Application - No active profile set, falling back to default profiles: default
23:13:59.394 [main] INFO  org.springframework.boot.web.servlet.context.AnnotationConfigServletWebServerApplicationContext - Refreshing org.springframework.boot.web.servlet.context.AnnotationConfigServletWebServerApplicationContext@7eac9008: startup date [Thu Dec 06 23:13:59 CST 2018]; root of context hierarchy
23:14:00.143 [main] WARN  org.mybatis.spring.mapper.ClassPathMapperScanner - No MyBatis mapper was found in '[com.batisex]' package. Please check your configuration.
23:14:00.433 [main] INFO  org.springframework.context.support.PostProcessorRegistrationDelegate$BeanPostProcessorChecker - Bean 'org.springframework.transaction.annotation.ProxyTransactionManagementConfiguration' of type [org.springframework.transaction.annotation.ProxyTransactionManagementConfiguration$$EnhancerBySpringCGLIB$$18adc3c1] is not eligible for getting processed by all BeanPostProcessors (for example: not eligible for auto-proxying)
23:14:00.853 [main] INFO  org.springframework.boot.web.embedded.tomcat.TomcatWebServer - Tomcat initialized with port(s): 8899 (http)
23:14:00.867 [main] INFO  org.apache.coyote.http11.Http11NioProtocol - Initializing ProtocolHandler ["http-nio-8899"]
23:14:00.876 [main] INFO  org.apache.catalina.core.StandardService - Starting service [Tomcat]
23:14:00.876 [main] INFO  org.apache.catalina.core.StandardEngine - Starting Servlet Engine: Apache Tomcat/8.5.28
23:14:00.885 [localhost-startStop-1] INFO  org.apache.catalina.core.AprLifecycleListener - The APR based Apache Tomcat Native library which allows optimal performance in production environments was not found on the java.library.path: [C:\Java\jdk1.8.0_191\bin;C:\Windows\Sun\Java\bin;C:\Windows\system32;C:\Windows;C:\Program Files (x86)\Common Files\Oracle\Java\javapath;C:\Windows\system32;C:\Windows;C:\Windows\System32\Wbem;C:\Windows\System32\WindowsPowerShell\v1.0\;C:\Windows\System32\OpenSSH\;%JAVA_HOME%\bin;%JAVA_HOME%\jre\bin;C:\Program Files\Git\cmd;%JMETER_HOME%\bin;E:\mysql-5.7.20-winx64\bin;C:\Users\ch\AppData\Local\Microsoft\WindowsApps;;.]
23:14:01.015 [localhost-startStop-1] INFO  org.apache.catalina.core.ContainerBase.[Tomcat].[localhost].[/] - Initializing Spring embedded WebApplicationContext
23:14:01.015 [localhost-startStop-1] INFO  org.springframework.web.context.ContextLoader - Root WebApplicationContext: initialization completed in 1621 ms
23:14:01.132 [localhost-startStop-1] INFO  org.springframework.boot.web.servlet.ServletRegistrationBean - Servlet dispatcherServlet mapped to [/]
23:14:01.135 [localhost-startStop-1] INFO  org.springframework.boot.web.servlet.FilterRegistrationBean - Mapping filter: 'characterEncodingFilter' to: [/*]
23:14:01.135 [localhost-startStop-1] INFO  org.springframework.boot.web.servlet.FilterRegistrationBean - Mapping filter: 'hiddenHttpMethodFilter' to: [/*]
23:14:01.135 [localhost-startStop-1] INFO  org.springframework.boot.web.servlet.FilterRegistrationBean - Mapping filter: 'httpPutFormContentFilter' to: [/*]
23:14:01.136 [localhost-startStop-1] INFO  org.springframework.boot.web.servlet.FilterRegistrationBean - Mapping filter: 'requestContextFilter' to: [/*]
23:14:01.728 [main] INFO  org.springframework.web.servlet.mvc.method.annotation.RequestMappingHandlerMapping - Mapped "{[/v1/getUserInfo],methods=[POST]}" onto public java.util.List<com.batisex.model.User> com.batisex.controller.UserManager.getUserInfo(javax.servlet.http.HttpServletRequest,com.batisex.model.User)
23:14:01.729 [main] INFO  org.springframework.web.servlet.mvc.method.annotation.RequestMappingHandlerMapping - Mapped "{[/v1/addUser],methods=[POST]}" onto public boolean com.batisex.controller.UserManager.addUser(javax.servlet.http.HttpServletRequest,com.batisex.model.User)
23:14:01.729 [main] INFO  org.springframework.web.servlet.mvc.method.annotation.RequestMappingHandlerMapping - Mapped "{[/v1/updateUserInfo],methods=[POST]}" onto public int com.batisex.controller.UserManager.updateUser(javax.servlet.http.HttpServletRequest,com.batisex.model.User)
23:14:01.730 [main] INFO  org.springframework.web.servlet.mvc.method.annotation.RequestMappingHandlerMapping - Mapped "{[/v1/login],methods=[POST]}" onto public java.lang.Boolean com.batisex.controller.UserManager.login(javax.servlet.http.HttpServletResponse,com.batisex.model.User)
23:14:01.731 [main] INFO  org.springframework.web.servlet.mvc.method.annotation.RequestMappingHandlerMapping - Mapped "{[/v2/api-docs],methods=[GET],produces=[application/json || application/hal+json]}" onto public org.springframework.http.ResponseEntity<springfox.documentation.spring.web.json.Json> springfox.documentation.swagger2.web.Swagger2Controller.getDocumentation(java.lang.String,javax.servlet.http.HttpServletRequest)
23:14:01.733 [main] INFO  org.springframework.web.servlet.mvc.method.annotation.RequestMappingHandlerMapping - Mapped "{[/swagger-resources/configuration/security]}" onto org.springframework.http.ResponseEntity<springfox.documentation.swagger.web.SecurityConfiguration> springfox.documentation.swagger.web.ApiResourceController.securityConfiguration()
23:14:01.734 [main] INFO  org.springframework.web.servlet.mvc.method.annotation.RequestMappingHandlerMapping - Mapped "{[/swagger-resources/configuration/ui]}" onto org.springframework.http.ResponseEntity<springfox.documentation.swagger.web.UiConfiguration> springfox.documentation.swagger.web.ApiResourceController.uiConfiguration()
23:14:01.734 [main] INFO  org.springframework.web.servlet.mvc.method.annotation.RequestMappingHandlerMapping - Mapped "{[/swagger-resources]}" onto org.springframework.http.ResponseEntity<java.util.List<springfox.documentation.swagger.web.SwaggerResource>> springfox.documentation.swagger.web.ApiResourceController.swaggerResources()
23:14:01.738 [main] INFO  org.springframework.web.servlet.mvc.method.annotation.RequestMappingHandlerMapping - Mapped "{[/error]}" onto public org.springframework.http.ResponseEntity<java.util.Map<java.lang.String, java.lang.Object>> org.springframework.boot.autoconfigure.web.servlet.error.BasicErrorController.error(javax.servlet.http.HttpServletRequest)
23:14:01.739 [main] INFO  org.springframework.web.servlet.mvc.method.annotation.RequestMappingHandlerMapping - Mapped "{[/error],produces=[text/html]}" onto public org.springframework.web.servlet.ModelAndView org.springframework.boot.autoconfigure.web.servlet.error.BasicErrorController.errorHtml(javax.servlet.http.HttpServletRequest,javax.servlet.http.HttpServletResponse)
23:14:02.014 [main] INFO  org.springframework.web.servlet.mvc.method.annotation.RequestMappingHandlerAdapter - Looking for @ControllerAdvice: org.springframework.boot.web.servlet.context.AnnotationConfigServletWebServerApplicationContext@7eac9008: startup date [Thu Dec 06 23:13:59 CST 2018]; root of context hierarchy
23:14:02.066 [main] INFO  org.springframework.web.servlet.handler.SimpleUrlHandlerMapping - Mapped URL path [/webjars/**] onto handler of type [class org.springframework.web.servlet.resource.ResourceHttpRequestHandler]
23:14:02.067 [main] INFO  org.springframework.web.servlet.handler.SimpleUrlHandlerMapping - Mapped URL path [/**] onto handler of type [class org.springframework.web.servlet.resource.ResourceHttpRequestHandler]
23:14:02.097 [main] INFO  org.springframework.web.servlet.handler.SimpleUrlHandlerMapping - Mapped URL path [/**/favicon.ico] onto handler of type [class org.springframework.web.servlet.resource.ResourceHttpRequestHandler]
23:14:02.236 [main] INFO  org.springframework.jmx.export.annotation.AnnotationMBeanExporter - Registering beans for JMX exposure on startup
23:14:02.237 [main] INFO  org.springframework.jmx.export.annotation.AnnotationMBeanExporter - Bean with name 'dataSource' has been autodetected for JMX exposure
23:14:02.242 [main] INFO  org.springframework.jmx.export.annotation.AnnotationMBeanExporter - Located MBean 'dataSource': registering with JMX server as MBean [com.zaxxer.hikari:name=dataSource,type=HikariDataSource]
23:14:02.246 [main] INFO  org.springframework.context.support.DefaultLifecycleProcessor - Starting beans in phase 2147483647
23:14:02.246 [main] INFO  springfox.documentation.spring.web.plugins.DocumentationPluginsBootstrapper - Context refreshed
23:14:02.262 [main] INFO  springfox.documentation.spring.web.plugins.DocumentationPluginsBootstrapper - Found 1 custom documentation plugin(s)
23:14:02.273 [main] INFO  springfox.documentation.spring.web.scanners.ApiListingReferenceScanner - Scanning for api listing references
23:14:02.468 [main] INFO  org.apache.coyote.http11.Http11NioProtocol - Starting ProtocolHandler ["http-nio-8899"]
23:14:02.477 [main] INFO  org.apache.tomcat.util.net.NioSelectorPool - Using a shared selector for servlet write/read
23:14:02.491 [main] INFO  org.springframework.boot.web.embedded.tomcat.TomcatWebServer - Tomcat started on port(s): 8899 (http) with context path ''
23:14:02.495 [main] INFO  com.batisex.Application - Started Application in 3.467 seconds (JVM running for 3.987)
23:14:08.212 [http-nio-8899-exec-1] INFO  org.apache.catalina.core.ContainerBase.[Tomcat].[localhost].[/] - Initializing Spring FrameworkServlet 'dispatcherServlet'
23:14:08.212 [http-nio-8899-exec-1] INFO  org.springframework.web.servlet.DispatcherServlet - FrameworkServlet 'dispatcherServlet': initialization started
23:14:08.236 [http-nio-8899-exec-1] INFO  org.springframework.web.servlet.DispatcherServlet - FrameworkServlet 'dispatcherServlet': initialization completed in 24 ms
23:14:08.329 [http-nio-8899-exec-1] INFO  com.zaxxer.hikari.HikariDataSource - HikariPool-1 - Starting...
23:14:08.495 [http-nio-8899-exec-1] INFO  com.zaxxer.hikari.HikariDataSource - HikariPool-1 - Start completed.
23:14:08.521 [http-nio-8899-exec-1] INFO  com.batisex.controller.UserManager - 查询到的结果是：1
23:14:08.522 [http-nio-8899-exec-1] INFO  com.batisex.controller.UserManager - 登录用户是：zhangsan
23:14:08.579 [http-nio-8899-exec-2] INFO  com.batisex.controller.UserManager - 查询到的结果是：0
23:14:08.618 [http-nio-8899-exec-3] INFO  com.batisex.controller.UserManager - cookie 验证通过
23:14:08.642 [http-nio-8899-exec-3] INFO  com.batisex.controller.UserManager - 添加用户的数量是：1
23:14:11.685 [http-nio-8899-exec-4] INFO  com.batisex.controller.UserManager - cookie 验证通过
23:14:11.720 [http-nio-8899-exec-4] INFO  com.batisex.controller.UserManager - getUserInfo获取到的用户数量为:1
23:14:11.771 [http-nio-8899-exec-5] INFO  com.batisex.controller.UserManager - cookie 验证通过
23:14:11.773 [http-nio-8899-exec-5] INFO  com.batisex.controller.UserManager - getUserInfo获取到的用户数量为:6
23:14:11.819 [http-nio-8899-exec-6] INFO  com.batisex.controller.UserManager - cookie 验证通过
23:14:11.880 [http-nio-8899-exec-6] INFO  com.batisex.controller.UserManager - 更新数据的条目数为：1
23:14:11.927 [http-nio-8899-exec-7] INFO  com.batisex.controller.UserManager - cookie 验证通过
23:14:11.966 [http-nio-8899-exec-7] INFO  com.batisex.controller.UserManager - 更新数据的条目数为：1
23:14:28.208 [http-nio-8899-exec-9] INFO  com.batisex.controller.UserManager - 查询到的结果是：1
23:14:28.208 [http-nio-8899-exec-9] INFO  com.batisex.controller.UserManager - 登录用户是：zhangsan
23:14:28.248 [http-nio-8899-exec-10] INFO  com.batisex.controller.UserManager - 查询到的结果是：0
23:14:28.282 [http-nio-8899-exec-1] INFO  com.batisex.controller.UserManager - cookie 验证通过
23:14:28.307 [http-nio-8899-exec-1] INFO  com.batisex.controller.UserManager - 添加用户的数量是：1
23:14:31.352 [http-nio-8899-exec-2] INFO  com.batisex.controller.UserManager - cookie 验证通过
23:14:31.355 [http-nio-8899-exec-2] INFO  com.batisex.controller.UserManager - getUserInfo获取到的用户数量为:1
23:14:31.391 [http-nio-8899-exec-3] INFO  com.batisex.controller.UserManager - cookie 验证通过
23:14:31.394 [http-nio-8899-exec-3] INFO  com.batisex.controller.UserManager - getUserInfo获取到的用户数量为:6
23:14:31.441 [http-nio-8899-exec-4] INFO  com.batisex.controller.UserManager - cookie 验证通过
23:14:31.465 [http-nio-8899-exec-4] INFO  com.batisex.controller.UserManager - 更新数据的条目数为：1
23:14:31.497 [http-nio-8899-exec-5] INFO  com.batisex.controller.UserManager - cookie 验证通过
23:14:31.529 [http-nio-8899-exec-5] INFO  com.batisex.controller.UserManager - 更新数据的条目数为：1
